<?xml version="1.0" encoding="UTF-8"?>
<!-- Generated by org.testng.reporters.JUnitReportReporter -->
<testsuite hostname="DESKTOP-9H74IGJ" failures="0" tests="1" name="Testng.TestCase3" time="5.092" errors="0" timestamp="2022-11-23T05:58:09 PST" skipped="0">
  <testcase classname="Testng.TestCase3" name="tc3" time="5.092"/>
  <system-out>
    <![CDATA[onTestStart
onTestSuccess]]>
  </system-out>
</testsuite> <!-- Testng.TestCase3 -->
