<?xml version="1.0" encoding="UTF-8"?>
<!-- Generated by org.testng.reporters.JUnitReportReporter -->
<testsuite hostname="DESKTOP-9H74IGJ" failures="0" tests="1" name="Testng.TestCase2" time="8.174" errors="0" timestamp="2022-11-23T17:46:04 PST" skipped="0">
  <testcase classname="Testng.TestCase2" name="tc2" time="8.174"/>
  <system-out/>
</testsuite> <!-- Testng.TestCase2 -->
