<?xml version="1.0" encoding="UTF-8"?>
<!-- Generated by org.testng.reporters.JUnitReportReporter -->
<testsuite hostname="DESKTOP-9H74IGJ" failures="0" tests="1" name="Testng.TestCase1" time="5.714" errors="0" timestamp="2022-11-24T07:05:27 PST" skipped="0">
  <testcase classname="Testng.TestCase1" name="tc1" time="5.714"/>
  <system-out/>
</testsuite> <!-- Testng.TestCase1 -->
