<?xml version="1.0" encoding="UTF-8"?>
<!-- Generated by org.testng.reporters.JUnitReportReporter -->
<testsuite hostname="DESKTOP-9H74IGJ" failures="0" tests="3" name="debug.DataProvider1" time="13.586" errors="0" timestamp="2022-11-25T20:17:50 PST" skipped="0">
  <testcase classname="debug.DataProvider1" name="tc1" time="3.852"/>
  <system-out/>
  <testcase classname="debug.DataProvider1" name="tc1" time="3.607"/>
  <system-out/>
  <testcase classname="debug.DataProvider1" name="tc1" time="6.127"/>
  <system-out/>
</testsuite> <!-- debug.DataProvider1 -->
