<?xml version="1.0" encoding="UTF-8"?>
<!-- Generated by org.testng.reporters.JUnitReportReporter -->
<testsuite hostname="DESKTOP-9H74IGJ" failures="0" tests="1" name="Testng.DummyProject" time="0.018" errors="0" timestamp="2023-01-16T21:45:57 PST" skipped="0">
  <testcase classname="Testng.DummyProject" name="test01" time="0.018"/>
  <system-out/>
</testsuite> <!-- Testng.DummyProject -->
