<?xml version="1.0" encoding="UTF-8"?>
<!-- Generated by org.testng.reporters.JUnitReportReporter -->
<testsuite hostname="DESKTOP-9H74IGJ" failures="0" tests="4" name="Testng.GroupTest" time="0.027" errors="0" timestamp="2022-11-23T17:45:42 PST" skipped="0">
  <testcase classname="Testng.GroupTest" name="deleteCustomer" time="0.003"/>
  <system-out>
    <![CDATA[deletecustomer]]>
  </system-out>
  <testcase classname="Testng.GroupTest" name="createProject" time="0.002"/>
  <system-out>
    <![CDATA[createProject]]>
  </system-out>
  <testcase classname="Testng.GroupTest" name="addcustomer" time="0.015"/>
  <system-out>
    <![CDATA[addcustomer]]>
  </system-out>
  <testcase classname="Testng.GroupTest" name="deleteProject" time="0.007"/>
  <system-out>
    <![CDATA[deleProject]]>
  </system-out>
</testsuite> <!-- Testng.GroupTest -->
