<?xml version="1.0" encoding="UTF-8"?>
<!-- Generated by org.testng.reporters.JUnitReportReporter -->
<testsuite hostname="DESKTOP-9H74IGJ" failures="0" tests="1" name="Testng.Testing1" time="4.879" errors="0" timestamp="2022-11-28T14:03:35 PST" skipped="0">
  <testcase classname="Testng.Testing1" name="demo" time="4.879"/>
  <system-out/>
</testsuite> <!-- Testng.Testing1 -->
