<?xml version="1.0" encoding="UTF-8"?>
<!-- Generated by org.testng.reporters.JUnitReportReporter -->
<testsuite hostname="DESKTOP-9H74IGJ" failures="0" tests="3" name="DataProvider2" time="17.681" errors="0" timestamp="2022-11-22T20:51:23 PST" skipped="0">
  <testcase classname="DataProvider2" name="datatest" time="4.215"/>
  <system-out/>
  <testcase classname="DataProvider2" name="datatest" time="6.004"/>
  <system-out/>
  <testcase classname="DataProvider2" name="datatest" time="7.462"/>
  <system-out/>
</testsuite> <!-- DataProvider2 -->
